<?xml version="1.0" encoding="UTF-8"?>
<!-- Generated by org.testng.reporters.JUnitReportReporter -->
<testsuite hostname="bhagyak" failures="0" tests="1" name="day5.FileUploadAndDownload" time="3.738" errors="0" timestamp="2024-11-30T19:24:58 IST" skipped="0">
  <testcase classname="day5.FileUploadAndDownload" name="singleFileUpload" time="3.738"/>
</testsuite> <!-- day5.FileUploadAndDownload -->
