<?xml version="1.0" encoding="UTF-8"?>
<!-- Generated by org.testng.reporters.JUnitReportReporter -->
<testsuite hostname="bhagyak" failures="0" tests="1" name="day4.ParsingJsonResponse_Approach1" time="1.797" errors="0" timestamp="2024-11-27T17:38:54 IST" skipped="0">
  <testcase classname="day4.ParsingJsonResponse_Approach1" name="parseJson_Approach1" time="1.797"/>
</testsuite> <!-- day4.ParsingJsonResponse_Approach1 -->
