<?xml version="1.0" encoding="UTF-8"?>
<!-- Generated by org.testng.reporters.JUnitReportReporter -->
<testsuite hostname="bhagyak" failures="0" tests="2" name="day3.HeadersDemo" time="2.709" errors="0" timestamp="2024-11-25T17:38:05 IST" skipped="0">
  <testcase classname="day3.HeadersDemo" name="verifyHeaderInfo" time="0.395"/>
  <testcase classname="day3.HeadersDemo" name="getHeaderInfo" time="2.314"/>
</testsuite> <!-- day3.HeadersDemo -->
