<?xml version="1.0" encoding="UTF-8"?>
<!-- Generated by org.testng.reporters.JUnitReportReporter -->
<testsuite hostname="bhagyak" failures="0" tests="1" name="day5.ParsingXMLResponse_Approach3" time="2.326" errors="0" timestamp="2024-11-30T17:43:56 IST" skipped="0">
  <testcase classname="day5.ParsingXMLResponse_Approach3" name="testXMLResponse" time="2.326"/>
</testsuite> <!-- day5.ParsingXMLResponse_Approach3 -->
