<?xml version="1.0" encoding="UTF-8"?>
<!-- Generated by org.testng.reporters.JUnitReportReporter -->
<testsuite hostname="bhagyak" failures="0" tests="2" name="day6.SerializationDeserialization" time="0.274" errors="0" timestamp="2024-12-18T13:30:13 IST" skipped="0">
  <testcase classname="day6.SerializationDeserialization" name="serialization_converttoJson" time="0.017"/>
  <testcase classname="day6.SerializationDeserialization" name="deSerialization_convertFromJSONToPOJO" time="0.257"/>
</testsuite> <!-- day6.SerializationDeserialization -->
