<?xml version="1.0" encoding="UTF-8"?>
<!-- Generated by org.testng.reporters.JUnitReportReporter -->
<testsuite hostname="bhagyak" failures="0" tests="3" name="day5.FileUploadAndDownload2" time="4.025" errors="0" timestamp="2024-11-30T23:56:10 IST" skipped="0">
  <testcase classname="day5.FileUploadAndDownload2" name="singleFileUpload" time="0.359"/>
  <testcase classname="day5.FileUploadAndDownload2" name="multiFileUpload_2" time="1.241"/>
  <testcase classname="day5.FileUploadAndDownload2" name="multiFileUpload_1" time="2.425"/>
</testsuite> <!-- day5.FileUploadAndDownload2 -->
