<?xml version="1.0" encoding="UTF-8"?>
<!-- Generated by org.testng.reporters.JUnitReportReporter -->
<testsuite hostname="bhagyak" failures="0" tests="1" name="day6.XMLSchemaValidation" time="1.726" errors="0" timestamp="2024-12-02T19:40:46 IST" skipped="0">
  <testcase classname="day6.XMLSchemaValidation" name="validateXMLSchema" time="1.726"/>
</testsuite> <!-- day6.XMLSchemaValidation -->
