<?xml version="1.0" encoding="UTF-8"?>
<!-- Generated by org.testng.reporters.JUnitReportReporter -->
<testsuite hostname="bhagyak" failures="0" tests="1" name="day3.CookiesDemo" time="1.893" errors="0" timestamp="2024-11-25T17:25:58 IST" skipped="0">
  <testcase classname="day3.CookiesDemo" name="getCookies" time="1.893"/>
</testsuite> <!-- day3.CookiesDemo -->
