<?xml version="1.0" encoding="UTF-8"?>
<!-- Generated by org.testng.reporters.JUnitReportReporter -->
<testsuite hostname="bhagyak" failures="0" tests="1" name="day3.QueryPathParametersDemo" time="1.411" errors="0" timestamp="2024-11-24T18:32:58 IST" skipped="0">
  <testcase classname="day3.QueryPathParametersDemo" name="testPathAndQueryParam" time="1.411"/>
</testsuite> <!-- day3.QueryPathParametersDemo -->
