<?xml version="1.0" encoding="UTF-8"?>
<!-- Generated by org.testng.reporters.JUnitReportReporter -->
<testsuite hostname="bhagyak" failures="0" tests="1" name="day5.ParsingXMLResponse_Approach1" time="2.130" errors="0" timestamp="2024-11-29T15:24:57 IST" skipped="0">
  <testcase classname="day5.ParsingXMLResponse_Approach1" name="testXMLResponse" time="2.130"/>
</testsuite> <!-- day5.ParsingXMLResponse_Approach1 -->
