<?xml version="1.0" encoding="UTF-8"?>
<!-- Generated by org.testng.reporters.JUnitReportReporter -->
<testsuite hostname="bhagyak" failures="0" tests="2" name="day2.DiffWaysToCreatePostRequestBody" time="1.801" errors="0" timestamp="2024-11-24T07:52:04 IST" skipped="0">
  <testcase classname="day2.DiffWaysToCreatePostRequestBody" name="testPostUsingExtenalJSONFile" time="1.781"/>
  <testcase classname="day2.DiffWaysToCreatePostRequestBody" name="deleteUser" time="0.020"/>
</testsuite> <!-- day2.DiffWaysToCreatePostRequestBody -->
