<?xml version="1.0" encoding="UTF-8"?>
<!-- Generated by org.testng.reporters.JUnitReportReporter -->
<testsuite hostname="bhagyak" failures="0" tests="2" name="day3.CookiesDemo" time="2.180" errors="0" timestamp="2024-11-27T17:36:34 IST" skipped="0">
  <testcase classname="day3.CookiesDemo" name="getCookies" time="1.541"/>
  <testcase classname="day3.CookiesDemo" name="testCookies" time="0.639"/>
</testsuite> <!-- day3.CookiesDemo -->
