<?xml version="1.0" encoding="UTF-8"?>
<!-- Generated by org.testng.reporters.JUnitReportReporter -->
<testsuite hostname="bhagyak" failures="0" tests="1" name="day3.LogMethodDemo" time="1.377" errors="0" timestamp="2024-11-26T10:56:56 IST" skipped="0">
  <testcase classname="day3.LogMethodDemo" name="Looging" time="1.377"/>
</testsuite> <!-- day3.LogMethodDemo -->
