<?xml version="1.0" encoding="UTF-8"?>
<!-- Generated by org.testng.reporters.JUnitReportReporter -->
<testsuite hostname="bhagyak" failures="0" tests="1" name="day6.JSONSchemaValidation" time="1.486" errors="0" timestamp="2024-12-02T19:20:12 IST" skipped="0">
  <testcase classname="day6.JSONSchemaValidation" name="validateJSONSchema" time="1.486"/>
</testsuite> <!-- day6.JSONSchemaValidation -->
