<?xml version="1.0" encoding="UTF-8"?>
<!-- Generated by org.testng.reporters.JUnitReportReporter -->
<testsuite hostname="bhagyak" failures="0" tests="1" name="day5.FileDownload" time="2.275" errors="0" timestamp="2024-12-01T00:01:32 IST" skipped="0">
  <testcase classname="day5.FileDownload" name="downloadFile" time="2.275"/>
</testsuite> <!-- day5.FileDownload -->
