<?xml version="1.0" encoding="UTF-8"?>
<!-- Generated by org.testng.reporters.JUnitReportReporter -->
<testsuite hostname="bhagyak" failures="0" tests="4" name="day1.HTTPRequests" time="3.283" errors="0" timestamp="2024-11-22T20:13:59 IST" skipped="0">
  <testcase classname="day1.HTTPRequests" name="getListOfUsers" time="1.942"/>
  <testcase classname="day1.HTTPRequests" name="createUser_GetUserId" time="0.637"/>
  <testcase classname="day1.HTTPRequests" name="updateUser" time="0.366"/>
  <testcase classname="day1.HTTPRequests" name="deleteUser" time="0.338"/>
</testsuite> <!-- day1.HTTPRequests -->
